Traceback (most recent call last):
  File "<frozen runpy>", line 198, in _run_module_as_main
  File "<frozen runpy>", line 88, in _run_code
  File "D:\ENSIASD\TP S4\Projet_StagePFA\.venv\Lib\site-packages\uvicorn\__main__.py", line 4, in <module>
    uvicorn.main()
    ~~~~~~~~~~~~^^
  File "D:\ENSIASD\TP S4\Projet_StagePFA\.venv\Lib\site-packages\click\core.py", line 1569, in __call__
    return self.main(*args, **kwargs)
           ~~~~~~~~~^^^^^^^^^^^^^^^^^
  File "D:\ENSIASD\TP S4\Projet_StagePFA\.venv\Lib\site-packages\click\core.py", line 1490, in main
    rv = self.invoke(ctx)
  File "D:\ENSIASD\TP S4\Projet_StagePFA\.venv\Lib\site-packages\click\core.py", line 1353, in invoke
    return ctx.invoke(self.callback, **ctx.params)
           ~~~~~~~~~~^^^^^^^^^^^^^^^^^^^^^^^^^^^^^
  File "D:\ENSIASD\TP S4\Projet_StagePFA\.venv\Lib\site-packages\click\core.py", line 907, in invoke
    return callback(*args, **kwargs)
  File "D:\ENSIASD\TP S4\Projet_StagePFA\.venv\Lib\site-packages\uvicorn\main.py", line 441, in main
    run(
    ~~~^
        app,
        ^^^^
    ...<48 lines>...
        reset_contextvars=reset_contextvars,
        ^^^^^^^^^^^^^^^^^^^^^^^^^^^^^^^^^^^^
    )
    ^
  File "D:\ENSIASD\TP S4\Projet_StagePFA\.venv\Lib\site-packages\uvicorn\main.py", line 609, in run
    config.load_app()
    ~~~~~~~~~~~~~~~^^
  File "D:\ENSIASD\TP S4\Projet_StagePFA\.venv\Lib\site-packages\uvicorn\config.py", line 415, in load_app
    return import_from_string(self.app)
  File "D:\ENSIASD\TP S4\Projet_StagePFA\.venv\Lib\site-packages\uvicorn\importer.py", line 19, in import_from_string
    module = importlib.import_module(module_str)
  File "C:\Program Files\Python313\Lib\importlib\__init__.py", line 88, in import_module
    return _bootstrap._gcd_import(name[level:], package, level)
           ~~~~~~~~~~~~~~~~~~~~~~^^^^^^^^^^^^^^^^^^^^^^^^^^^^^^
  File "<frozen importlib._bootstrap>", line 1387, in _gcd_import
  File "<frozen importlib._bootstrap>", line 1360, in _find_and_load
  File "<frozen importlib._bootstrap>", line 1331, in _find_and_load_unlocked
  File "<frozen importlib._bootstrap>", line 935, in _load_unlocked
  File "<frozen importlib._bootstrap_external>", line 1026, in exec_module
  File "<frozen importlib._bootstrap>", line 488, in _call_with_frames_removed
  File "d:\ENSIASD\TP S4\Projet_StagePFA\backend\fastapi\app\main.py", line 23, in <module>
    from .rag_service import rag_service
  File "d:\ENSIASD\TP S4\Projet_StagePFA\backend\fastapi\app\rag_service.py", line 34, in <module>
    from .config import PROJECT_ROOT
ImportError: cannot import name 'PROJECT_ROOT' from 'app.config' (d:\ENSIASD\TP S4\Projet_StagePFA\backend\fastapi\app\config.py)
[YOLO] World: yolov8m-worldv2.pt (54MB)
[YOLO] Classes: ['Chaise', 'Clavier', 'Extincteur', 'Imprimante', 'Ordinateur', 'Souris', 'Table', 'Videoprojecteur']
[YOLO] OK - 20 prompts
